<?xml version="1.0" encoding="UTF-8"?>
<testng-results ignored="0" total="1" passed="1" failed="0" skipped="0">
  <reporter-output>
  </reporter-output>
  <suite started-at="2022-09-10T21:42:53 IST" name="TestNG Suite" finished-at="2022-09-10T21:43:15 IST" duration-ms="22333">
    <groups>
    </groups>
    <test started-at="2022-09-10T21:42:53 IST" name="TestNG test" finished-at="2022-09-10T21:43:15 IST" duration-ms="22333">
      <class name="org.example.Assignment">
        <test-method signature="testCode()[pri:0, instance:org.example.Assignment@505fc5a4]" started-at="2022-09-10T21:42:53 IST" name="testCode" finished-at="2022-09-10T21:43:15 IST" duration-ms="22293" status="PASS">
          <reporter-output>
          </reporter-output>
        </test-method> <!-- testCode -->
      </class> <!-- org.example.Assignment -->
    </test> <!-- TestNG test -->
  </suite> <!-- TestNG Suite -->
</testng-results>
